14880
166048
284302
10563
-8925
-191951
1022994
-89340
-259300
61838
-208672
-775697
-209669
-199416
348318
-206965
12062
-240239
-164058
322233
-516704
-115851
-68473
134965
-266587
-412205
81023
644154
-155767
351939
-153928
512459
140106
61639
666685
-221576
376167
-106245
43957
-162106
-238763
-11700
224209
605499
-503604
704330
-218842
-542897
-172242
162499
583926
-386301
-566252
-187952
-162661
-211711
57201
-136838
-7909
307443
-809664
577821
-272659
-19878
-440475
-227999
1008316
570038
794489
7330
-161476
-46106
301914
-234317
447339
62424
-294957
388248
-241323
-99352
-183103
181532
840680
551586
212328
-122846
438442
-406497
-132029
107196
-46450
-641829
-215322
-135860
711972
357225
125180
904250
-463278
-162157
398774
1159813
-254169
-497157
-183876
-16746
-171909
-301379
-463537
203598
-116956
67075
-367587
80501
1001787
-171734
437272
1335718
251236
-110748
-160102
658938
-766962
303889
-443587
115852
-99561
-301940
31169
-81041
-90432
206225
-542760
449669
-156669
-559266
-22878
-217386
686877
-229310
584380
703628
1021724
987303
-345056
-163454
36431
-27268
-64910
-231172
-495909
211688
-510624
-417259
-114635
-153805
373873
282909
-42927
-713984
-241444
-83382
160473
228158
-147723
398198
1113358
-357946
239604
46489
86798
-140680
108231
-594553
-601280
-224442
745052
-674540
402541
179136
45085
-375225
-317417
705375
-630848
682590
240031
-201996
1156423
1071055
502753
394188
159041
-503871
1113895
-314196
113140
559024
22859
-5643
-551189
-127620
77014
-602678
413481
-462163
-54919
515813
1012384
-306202
-63
73842
430884
-399071
230446
508579
-401526
-106788
-195252
452418
-91705
3478
69915
-378617
-226945
6484
588725
-283947
762706
215555
-2455
-606034
-541879
-91529
780383
-117398
453849
-191759
183702
79400
-610391
75511
-3600
-1509
97904
-275763
108011
1335152
566659
-457806
280637
30737
338287
-416212
-442042
680252
277432
702330
227296
112052
476384
-240474
-131086
114439
-766908
-256954
-692389
515244
-667113
365302
142189
-437712
62754
289568
860889
-23172
831680
341712
354991
1210094
465628
-172259
-559228
8740
-272989
777922
273864
481172
-384601
-333878
-224636
17840
-159847
31073
877488
11804
552303
-361393
-340149
905999
-2106
19419
432299
-125790
-293522
-314726
-39182
-82906
-110799
61606
132275
-323321
-225422
-258470
266043
51631
-163029
197858
11327
430018
132825
-137317
-84834
161758
443895
11502
248716
623679
-476645
1387828
382708
361735
-78554
496573
-31885
110144
-626136
-296662
-704035
268688
271071
549811
-75207
539255
30363
137686
49224
-579030
88598
889992
1076760
-710199
-135822
273437
-158494
800117
853259
94788
175366
-15915
104104
-634462
-6263
338559
79768
-430967
-363006
10026
371731
513839
-407737
-38652
-305075
132359
-540063
198851
47851
1128513
860500
-340364
-241253
343050
269089
-353949
-277999
312681
-98
322639
14299
17651
839352
-672323
-6103
1179168
-17194
-69684
26393
593674
586132
-37052
-166523
-124215
45519
831260
-329758
338875
-204688
900461
483977
-197915
100816
-438349
195687
879271
606970
-185254
-74051
1171079
532586
-704603
835025
248120
216629
155076
-768955
760269
-114894
-187345
621952
-121167
1136886
-269332
620408
-333841
-23979
-361685
-216455
153084
-19674
561853
884568
363268
-94357
-314418
10885
238988
675556
79749
489594
-78251
-225473
223359
355378
-671473
-515837
-9948
-23527
134004
70971
-8965
678965
-205045
160895
1163715
-73116
-5465
-693693
3794
1030425
-5671
-126766
309337
62566
-595110
-131955
31098
586027
-610368
-320623
256086
1195673
206880
850365
3894
-135005
532005
-407653
-593601
746203
946052
646604
180097
346333
541254
594127
415858
-544785
443092
-688383
-143855
727504
-169420
117387
440545
-404390
-218108
-216695
-190706
84279
672756
1133547
56461
182284
-191169
381633
116655
-114886
-481089
-608451
19006
23875
752829
-45955
-102134
586903
1247445
43739
-198656
379157
34640
546847
282782
-575079
92757
265961
263776
366397
1004207
-47359
119236
143944
-211980
480458
-631260
-590366
389999
549300
286361
-386097
-799139
-173704
188262
73641
-105189
-556997
-1239
-430580
-537772
-564726
26868
665837
-484005
-481741
-34549
-356640
-483015
315805
-170564
170751
-45175
461536
-57524
-215642
-422491
-136639
785585
-121035
-607717
-498208
276233
-295442
-495880
-62054
23649
452313
-24917
-414082
472938
168499
786410
-491448
86001
469820
-131594
-495376
-499710
-246340
-382280
165797
903989
-278739
440996
-91279
658431
-414715
-306687
-420855
-146999
-191633
405939
401246
409490
58718
-104238
-359264
-133496
412099
-703494
158739
246294
203376
-54608
144589
-209645
-49259
623081
-445981
-381647
72016
-147632
649937
-128441
714304
506711
-154934
-65826
-287671
-259988
-365944
-246953
24222
785555
-533498
-63540
-47778
-310652
879040
767074
73216
524719
-143449
206877
-92631
-720339
255121
70362
219752
15522
400090
275161
-303707
729891
-362931
-69932
-288666
-100589
670445
-323798
-270756
-260618
-443468
-176395
-269278
-19111
-542360
-80702
179289
165550
677413
-388344
-585182
1179508
18334
-236587
-13760
-668160
545388
642316
278684
266380
-158099
839506
374754
33447
91055
347211
130076
521563
-418329
-161398
-63496
-580
-6581
-362273
-112401
-734176
12486
690996
-113518
-352570
36433
176947
-365173
-282182
113243
-83016
553638
679737
19302
-276307
-266022
-279585
-292236
541109
-277369
267517
-235262
937950
385266
922347
9656
230921
551779
-207697
735719
1192472
74346
593825
-266439
787477
-140183
19474
-459181
503649
177652
-60327
-171779
354985
-662429
428327
485089
412196
65135
317636
-183866
556271
-123884
-133688
-458961
-14999
-571800
377339
-248001
-257827
-806219
206567
-77430
-505946
-47010
-107363
-612834
-339917
-245243
-27040
-129608
-103049
397744
1004854
-453586
239927
-115858
-487391
-479236
28431
-299186
394081
591673
740710
68777
315699
-300581
155806
-380306
1309540
56833
-170071
-272260
-921536
213489
-139828
-321732
329829
-404887
71351
-110041
-196979
-354827
459807
-689436
490584
-153794
-390390
215216
