OUTPUT [2021-05-21 10:52:22]
---------------------------
First semester averages:
[Polish]: 4.4
[English]: 5.13
[Religion]: 6.0
[Math]: 5.17
[PE]: 4.33
[Deutsch]: 3.85
[Physics]: 4.33
[Chemistry]: 3.87
[Biology]: 4.5
[Geography]: 4.39
[IT]: 6.0
[History]: 4.25
[Safety Edu.]: 4.83
[Social Stu.]: 4.88
---------------------------
Second semester averages:
[Polish]: 4.97
[English]: 5.0
[Religion]: 6.0
[Math]: 4.47
[PE]: 3.62
[Deutsch]: 4.0
[Physics]: 4.78
[Chemistry]: 3.96
[Biology]: 4.42
[Geography]: 4.83
[IT]: 6.0
[History]: 4.0
[Safety Edu.]: 5.0
[Social Stu.]: 4.6
---------------------------
Year averages:
[Polish]: 4.71
[English]: 5.08
[Religion]: 6.0
[Math]: 4.96
[PE]: 4.12
[Deutsch]: 3.9
[Physics]: 4.46
[Chemistry]: 3.92
[Biology]: 4.47
[Geography]: 4.5
[IT]: 6.0
[History]: 4.15
[Safety Edu.]: 4.91
[Social Stu.]: 4.78
---------------------------
Final semesters averages:
[First semester]: 4.57
[Second semester]: 4.57
---------------------------
FINAL YEAR AVERAGE: 4.57
NO RED STRIPE YET DD:
---------------------------

